Base path: 'C:/Program Files/Unity/Hub/Editor/2019.4.18f1/Editor/Data', plugins path 'C:/Program Files/Unity/Hub/Editor/2019.4.18f1/Editor/Data/PlaybackEngines'
Cmd: initializeCompiler
Cmd: initializeCompiler
Cmd: preprocessCompute
  insize=12065 outsize=12109 ok=1
Cmd: compileComputeKernel
  api=4 insize=12109 outsize=1558 ok=1
Cmd: compileComputeKernel
  api=4 insize=12109 outsize=1863 ok=1
Cmd: compileComputeKernel
  api=4 insize=12109 outsize=1848 ok=1
Cmd: compileComputeKernel
  api=4 insize=12109 outsize=1840 ok=1
Cmd: compileComputeKernel
  api=4 insize=12109 outsize=1971 ok=1
Cmd: compileComputeKernel
  api=4 insize=12109 outsize=1931 ok=1
Cmd: compileComputeKernel
  api=4 insize=12109 outsize=1579 ok=1
Cmd: compileComputeKernel
  api=4 insize=12109 outsize=2479 ok=1
Cmd: compileComputeKernel
  api=4 insize=12109 outsize=2218 ok=1
Cmd: preprocessCompute
  insize=11921 outsize=11985 ok=1
Cmd: compileComputeKernel
  api=4 insize=11985 outsize=1465 ok=1
Cmd: compileComputeKernel
  api=4 insize=11985 outsize=1465 ok=1
Cmd: compileComputeKernel
  api=4 insize=11985 outsize=1494 ok=1
Cmd: compileComputeKernel
  api=4 insize=11985 outsize=1528 ok=1
Cmd: preprocessCompute
  insize=18269 outsize=18301 ok=1
Cmd: compileComputeKernel
  api=4 insize=18301 outsize=3271 ok=1
Cmd: compileComputeKernel
  api=4 insize=18301 outsize=5425 ok=1
Cmd: preprocessCompute
  insize=66564 outsize=66874 ok=1
Cmd: compileComputeKernel
  api=4 insize=66874 outsize=10967 ok=1
Cmd: compileComputeKernel
  api=4 insize=66874 outsize=1287 ok=1
Cmd: compileComputeKernel
  api=4 insize=66874 outsize=1310 ok=1
Cmd: compileComputeKernel
  api=4 insize=66874 outsize=1520 ok=1
Cmd: compileComputeKernel
  api=4 insize=66874 outsize=1465 ok=1
Cmd: compileComputeKernel
  api=4 insize=66874 outsize=1311 ok=1
Cmd: compileComputeKernel
  api=4 insize=66874 outsize=1364 ok=1
Cmd: compileComputeKernel
  api=4 insize=66874 outsize=1819 ok=1
Cmd: compileComputeKernel
  api=4 insize=66874 outsize=1819 ok=1
Cmd: compileComputeKernel
  api=4 insize=66874 outsize=1848 ok=1
Cmd: compileComputeKernel
  api=4 insize=66874 outsize=1997 ok=1
Cmd: compileComputeKernel
  api=4 insize=66874 outsize=1341 ok=1
Cmd: compileComputeKernel
  api=4 insize=66874 outsize=1346 ok=1
Cmd: compileComputeKernel
  api=4 insize=66874 outsize=3836 ok=1
Cmd: compileComputeKernel
  api=4 insize=66874 outsize=1750 ok=1
Cmd: compileComputeKernel
  api=4 insize=66874 outsize=1382 ok=1
Cmd: preprocessCompute
  insize=72887 outsize=72903 ok=1
Cmd: compileComputeKernel
  api=4 insize=72903 outsize=2756 ok=1
Cmd: preprocessCompute
  insize=33853 outsize=34089 ok=1
Cmd: compileComputeKernel
  api=4 insize=34089 outsize=772 ok=1
Cmd: compileComputeKernel
  api=4 insize=34089 outsize=775 ok=1
Cmd: compileComputeKernel
  api=4 insize=34089 outsize=1157 ok=1
Cmd: compileComputeKernel
  api=4 insize=34089 outsize=854 ok=1
Cmd: compileComputeKernel
  api=4 insize=34089 outsize=844 ok=1
Cmd: compileComputeKernel
  api=4 insize=34089 outsize=622 ok=1
Cmd: compileComputeKernel
  api=4 insize=34089 outsize=777 ok=1
Cmd: compileComputeKernel
  api=4 insize=34089 outsize=1321 ok=1
Cmd: compileComputeKernel
  api=4 insize=34089 outsize=1524 ok=1
Cmd: compileComputeKernel
  api=4 insize=34089 outsize=1497 ok=1
Cmd: compileComputeKernel
  api=4 insize=34089 outsize=1363 ok=1
Cmd: compileComputeKernel
  api=4 insize=34089 outsize=1296 ok=1
Cmd: compileComputeKernel
  api=4 insize=34089 outsize=1288 ok=1
Cmd: compileComputeKernel
  api=4 insize=34089 outsize=1369 ok=1
Cmd: compileComputeKernel
  api=4 insize=34089 outsize=1387 ok=1
Cmd: preprocessCompute
  insize=79184 outsize=79248 ok=1
Cmd: compileComputeKernel
  api=4 insize=79248 outsize=6364 ok=1
Cmd: compileComputeKernel
  api=4 insize=79248 outsize=27514 ok=1
Cmd: preprocessCompute
  insize=4426 outsize=4442 ok=1
Cmd: compileComputeKernel
  api=4 insize=4442 outsize=1684 ok=1
Cmd: preprocessCompute
  insize=1896 outsize=1900 ok=1
Cmd: compileComputeKernel
  api=4 insize=1900 outsize=3122 ok=1
Cmd: compileSnippet
  api=4 type=0 insize=731 outsize=858 kw=ETC1_EXTERNAL_ALPHA pd=UNITY_ENABLE_REFLECTION_BUFFERS UNITY_USE_DITHER_MASK_FOR_ALPHABLENDED_SHADOWS UNITY_PBS_USE_BRDF1 UNITY_SPECCUBE_BOX_PROJECTION UNITY_SPECCUBE_BLENDING UNITY_ENABLE_DETAIL_NORMALMAP SHADER_API_DESKTOP UNITY_COLORSPACE_GAMMA UNITY_LIGHT_PROBE_PROXY_VOLUME UNITY_LIGHTMAP_FULL_HDR ok=1
Cmd: compileSnippet
  api=4 type=1 insize=731 outsize=574 kw=ETC1_EXTERNAL_ALPHA pd=UNITY_ENABLE_REFLECTION_BUFFERS UNITY_USE_DITHER_MASK_FOR_ALPHABLENDED_SHADOWS UNITY_PBS_USE_BRDF1 UNITY_SPECCUBE_BOX_PROJECTION UNITY_SPECCUBE_BLENDING UNITY_ENABLE_DETAIL_NORMALMAP SHADER_API_DESKTOP UNITY_COLORSPACE_GAMMA UNITY_LIGHT_PROBE_PROXY_VOLUME UNITY_LIGHTMAP_FULL_HDR ok=1
